======== Connection graph for  Sphere::intersect
    71 JavaObject NoEscape  [[ 158F 160F 162F]]   71  Allocate  ===  57  6  7  8  1 ( 69  68  39  1  10  11  37  1  1  1  1  1  1  1  64  44 ) [[ 72  73  74  81  82  83 ]]  rawptr:NotNull ( int:>=0, java/lang/Object:NotNull *, bool, int ) Vec::sub @ bci:0 Sphere::intersect @ bci:8 !jvms: Vec::sub @ bci:0 Sphere::intersect @ bci:8
LocalVar [[ 71P]]   83  Proj  ===  71  [[ 84  88 ]] #5 !jvms: Vec::sub @ bci:0 Sphere::intersect @ bci:8
LocalVar [[ 71P]]   88  CheckCastPP ===  85  83  [[ 162  160  160  158  158  162 ]]  #Vec:NotNull:exact *  Oop:Vec:NotNull:exact * !jvms: Vec::sub @ bci:0 Sphere::intersect @ bci:8


======== Connection graph for  AO4::rowRender
   399 JavaObject NoEscape NSR [[ 462F 464F 466F 702F 706F 710F]]   399 Allocate  ===  384  224  396  8  1 ( 211  210  26  1  10  11  12  13  14  15  72  174  175  176  125  177  1  1  1  1  1  1  1  1  1  1  230  387 ) [[ 400  401  402  409  410  411 ]]  rawptr:NotNull ( int:>=0, java/lang/Object:NotNull *, bool, int ) Vec::scale @ bci:0 Vec::normalize @ bci:23 AO4::rowRender @ bci:106 !jvms: Vec::scale @ bci:0 Vec::normalize @ bci:23 AO4::rowRender @ bci:106
LocalVar [[ 399P]]   411  Proj  ===  399  [[ 412  416 ]] #5 !jvms: Vec::scale @ bci:0 Vec::normalize @ bci:23 AO4::rowRender @ bci:106
LocalVar [[ 399P]]   416  CheckCastPP ===  413  411  [[ 301  466  464  464  462  462  466 ]]  #Vec:NotNull:exact *  Oop:Vec:NotNull:exact * !jvms: Vec::scale @ bci:0 Vec::normalize @ bci:23 AO4::rowRender @ bci:106

   544 JavaObject NoEscape  [[ 759F 769F]]   544  Allocate  ===  297  298  300  8  1 ( 284  542  26  1  10  11  12  13  14  15  72  174  175  176  125  177  1  1  1  301  1  1  1 ) [[ 545  546  547  554  555  556 ]]  rawptr:NotNull ( int:>=0, java/lang/Object:NotNull *, bool, int ) AO4::rowRender @ bci:111 !jvms: AO4::rowRender @ bci:111
LocalVar [[ 544P]]   556  Proj  ===  544  [[ 557  561 ]] #5 !jvms: AO4::rowRender @ bci:111
LocalVar [[ 544P]]   561  CheckCastPP ===  558  556  [[ 2468  2380  565  565  2352  2318  2300  2030  646  646  2030  1993  1973  1874  1846  1812  1794  1524  769  1524  1487  1467  762  759  759  1019  769  1365  786  1337  1316  858  1301  999  1043  1043 ]]  #Ray:NotNull:exact *  Oop:Ray:NotNull:exact * !jvms: AO4::rowRender @ bci:111

  1043 JavaObject NoEscape  [[ 1131F 1133F 1135F]]   1043 Allocate  ===  1017  869  1040  8  1 ( 211  210  26  1  10  11  12  13  14  15  72  174  175  176  125  177  1  1  1  1  561  803  1  1024  803  561  1  1  1  1  1  1  1  582  1031 ) [[ 1044  1045  1046  1053  1054  1055 ]]  rawptr:NotNull ( int:>=0, java/lang/Object:NotNull *, bool, int ) Vec::sub @ bci:0 Sphere::intersect @ bci:8 AO4::rowRender @ bci:158 !jvms: Vec::sub @ bci:0 Sphere::intersect @ bci:8 AO4::rowRender @ bci:158
LocalVar [[ 1043P]]   1055  Proj  ===  1043  [[ 1056  1060 ]] #5 !jvms: Vec::sub @ bci:0 Sphere::intersect @ bci:8 AO4::rowRender @ bci:158
LocalVar [[ 1043P]]   1060  CheckCastPP ===  1057  1055  [[ 1135  1133  1133  1131  1131  1135 ]]  #Vec:NotNull:exact *  Oop:Vec:NotNull:exact * !jvms: Vec::sub @ bci:0 Sphere::intersect @ bci:8 AO4::rowRender @ bci:158

  1524 JavaObject NoEscape  [[ 1612F 1614F 1616F]]   1524 Allocate  ===  1512  1409  1521  8  1 ( 211  210  26  1  10  11  12  13  14  15  72  174  175  176  125  177  1  1  1  1  561  803  1  1492  803  561  1  1  1  1  1  1  1  1519  1499 ) [[ 1525  1526  1527  1534  1535  1536 ]]  rawptr:NotNull ( int:>=0, java/lang/Object:NotNull *, bool, int ) Vec::sub @ bci:0 Sphere::intersect @ bci:8 AO4::rowRender @ bci:171 !jvms: Vec::sub @ bci:0 Sphere::intersect @ bci:8 AO4::rowRender @ bci:171
LocalVar [[ 1524P]]   1536  Proj  ===  1524  [[ 1537  1541 ]] #5 !jvms: Vec::sub @ bci:0 Sphere::intersect @ bci:8 AO4::rowRender @ bci:171
LocalVar [[ 1524P]]   1541  CheckCastPP ===  1538  1536  [[ 1616  1614  1614  1612  1612  1616 ]]  #Vec:NotNull:exact *  Oop:Vec:NotNull:exact * !jvms: Vec::sub @ bci:0 Sphere::intersect @ bci:8 AO4::rowRender @ bci:171

  2030 JavaObject NoEscape  [[ 2118F 2120F 2122F]]   2030 Allocate  ===  2018  1918  2027  8  1 ( 211  210  26  1  10  11  12  13  14  15  72  174  175  176  125  177  1  1  1  1  561  803  1  1998  803  561  1  1  1  1  1  1  1  2025  2005 ) [[ 2031  2032  2033  2040  2041  2042 ]]  rawptr:NotNull ( int:>=0, java/lang/Object:NotNull *, bool, int ) Vec::sub @ bci:0 Sphere::intersect @ bci:8 AO4::rowRender @ bci:184 !jvms: Vec::sub @ bci:0 Sphere::intersect @ bci:8 AO4::rowRender @ bci:184
LocalVar [[ 2030P]]   2042  Proj  ===  2030  [[ 2043  2047 ]] #5 !jvms: Vec::sub @ bci:0 Sphere::intersect @ bci:8 AO4::rowRender @ bci:184
LocalVar [[ 2030P]]   2047  CheckCastPP ===  2044  2042  [[ 2122  2120  2120  2118  2118  2122 ]]  #Vec:NotNull:exact *  Oop:Vec:NotNull:exact * !jvms: Vec::sub @ bci:0 Sphere::intersect @ bci:8 AO4::rowRender @ bci:184


======== Connection graph for  Plane::intersect
   337 JavaObject NoEscape  [[ 407F 409F 411F]]   337 Allocate  ===  286  6  332  8  1 ( 335  334  24  1  1  273  1  1  1  1  1  192  123  250 ) [[ 338  339  340  347  348  349 ]]  rawptr:NotNull ( int:>=0, java/lang/Object:NotNull *, bool, int ) Vec::scale @ bci:0 Plane::intersect @ bci:105 !jvms: Vec::scale @ bci:0 Plane::intersect @ bci:105
LocalVar [[ 337P]]   349  Proj  ===  337  [[ 350  354 ]] #5 !jvms: Vec::scale @ bci:0 Plane::intersect @ bci:105
LocalVar [[ 337P]]   354  CheckCastPP ===  351  349  [[ 455  407  411  409  409  407  411 ]]  #Vec:NotNull:exact *  Oop:Vec:NotNull:exact * !jvms: Vec::scale @ bci:0 Plane::intersect @ bci:105


======== Connection graph for  AO4::ambientOcclusion
    73 JavaObject NoEscape  [[ 141F 145F 143F]]   73  Allocate  ===  59  6  7  8  1 ( 71  70  41  1  10  39  1  1  23  23  1  1  1  1  1  1  1  1  1  1  1  1  1  43  66  24 ) [[ 74  75  76  83  84  85 ]]  rawptr:NotNull ( int:>=0, java/lang/Object:NotNull *, bool, int ) Vec::scale @ bci:0 AO4::ambientOcclusion @ bci:22 !jvms: Vec::scale @ bci:0 AO4::ambientOcclusion @ bci:22
LocalVar [[ 73P]]   85  Proj  ===  73  [[ 86  90 ]] #5 !jvms: Vec::scale @ bci:0 AO4::ambientOcclusion @ bci:22
LocalVar [[ 73P]]   90  CheckCastPP ===  87  85  [[ 183  173  145  143  143  141  145  141 ]]  #Vec:NotNull:exact *  Oop:Vec:NotNull:exact * !jvms: Vec::scale @ bci:0 AO4::ambientOcclusion @ bci:22

  1414 JavaObject NoEscape  [[ 1477F 1481F 1479F]]   1414 Allocate  ===  1402  414  1334  8  1 ( 71  70  41  1  10  1  416  372  23  23  1  200  310  417  1  1  1  1  1384  1387  1  1  1  1409  1368 ) [[ 1415  1416  1417  1424  1425  1426 ]]  rawptr:NotNull ( int:>=0, java/lang/Object:NotNull *, bool, int ) Vec::scale @ bci:0 AO4::ambientOcclusion @ bci:130 !jvms: Vec::scale @ bci:0 AO4::ambientOcclusion @ bci:130
LocalVar [[ 1414P]]   1426  Proj  ===  1414  [[ 1427  1431 ]] #5 !jvms: Vec::scale @ bci:0 AO4::ambientOcclusion @ bci:130
LocalVar [[ 1414P]]   1431  CheckCastPP ===  1428  1426  [[ 1820  1721  1628  1521  1481  1479  1481  1479  1477  1477 ]]  #Vec:NotNull:exact *  Oop:Vec:NotNull:exact * !jvms: Vec::scale @ bci:0 AO4::ambientOcclusion @ bci:130

  1521 JavaObject NoEscape  [[ 1584F 1588F 1586F]]   1521 Allocate  ===  1509  1425  1518  8  1 ( 71  70  41  1  10  1  416  372  23  23  1  200  310  417  1  1  1  1  1  1387  1  1  1  1431  1516  1384 ) [[ 1522  1523  1524  1531  1532  1533 ]]  rawptr:NotNull ( int:>=0, java/lang/Object:NotNull *, bool, int ) Vec::scale @ bci:0 AO4::ambientOcclusion @ bci:139 !jvms: Vec::scale @ bci:0 AO4::ambientOcclusion @ bci:139
LocalVar [[ 1521P]]   1533  Proj  ===  1521  [[ 1534  1538 ]] #5 !jvms: Vec::scale @ bci:0 AO4::ambientOcclusion @ bci:139
LocalVar [[ 1521P]]   1538  CheckCastPP ===  1535  1533  [[ 1721  1628  1588  1586  1586  1584  1588  1584 ]]  #Vec:NotNull:exact *  Oop:Vec:NotNull:exact * !jvms: Vec::scale @ bci:0 AO4::ambientOcclusion @ bci:139

  1628 JavaObject NoEscape  [[ 1691F 1695F 1693F]]   1628 Allocate  ===  1616  1532  1625  8  1 ( 71  70  41  1  10  1  416  372  23  23  1  200  310  417  1  1  1  1  1  1  1  1  1  1431  1538  1623  1387 ) [[ 1629  1630  1631  1638  1639  1640 ]]  rawptr:NotNull ( int:>=0, java/lang/Object:NotNull *, bool, int ) Vec::scale @ bci:0 AO4::ambientOcclusion @ bci:148 !jvms: Vec::scale @ bci:0 AO4::ambientOcclusion @ bci:148
LocalVar [[ 1628P]]   1640  Proj  ===  1628  [[ 1641  1645 ]] #5 !jvms: Vec::scale @ bci:0 AO4::ambientOcclusion @ bci:148
LocalVar [[ 1628P]]   1645  CheckCastPP ===  1642  1640  [[ 1721  1695  1693  1693  1691  1691  1695 ]]  #Vec:NotNull:exact *  Oop:Vec:NotNull:exact * !jvms: Vec::scale @ bci:0 AO4::ambientOcclusion @ bci:148

  1721 JavaObject NoEscape  [[ 1790F 1794F 1792F]]   1721 Allocate  ===  1642  1639  1717  8  1 ( 71  70  41  1  10  1  416  372  23  23  1  200  310  417  1  1  1  1  1  1  1  1  1  1431  1538  1645 ) [[ 1722  1723  1724  1731  1732  1733 ]]  rawptr:NotNull ( int:>=0, java/lang/Object:NotNull *, bool, int ) Vec::add @ bci:0 AO4::ambientOcclusion @ bci:151 !jvms: Vec::add @ bci:0 AO4::ambientOcclusion @ bci:151
LocalVar [[ 1721P]]   1733  Proj  ===  1721  [[ 1734  1738 ]] #5 !jvms: Vec::add @ bci:0 AO4::ambientOcclusion @ bci:151
LocalVar [[ 1721P]]   1738  CheckCastPP ===  1735  1733  [[ 1820  1794  1792  1792  1790  1790  1794 ]]  #Vec:NotNull:exact *  Oop:Vec:NotNull:exact * !jvms: Vec::add @ bci:0 AO4::ambientOcclusion @ bci:151

  1909 JavaObject NoEscape  [[ 1965F 1975F]]   1909 Allocate  ===  1834  1831  1813  8  1 ( 40  1907  41  1  10  1  416  372  23  23  1  200  310  417  1  1  1  1  1  1  1837  1  1 ) [[ 1910  1911  1912  1919  1920  1921 ]]  rawptr:NotNull ( int:>=0, java/lang/Object:NotNull *, bool, int ) AO4::ambientOcclusion @ bci:159 !jvms: AO4::ambientOcclusion @ bci:159
LocalVar [[ 1909P]]   1921  Proj  ===  1909  [[ 1922  1926 ]] #5 !jvms: AO4::ambientOcclusion @ bci:159
LocalVar [[ 1909P]]   1926  CheckCastPP ===  1923  1921  [[ 3672  3584  3556  3522  3504  3234  1975  3234  3197  3177  1968  1965  1965  2506  1975  3079  1992  3051  3017  2066  2999  2204  2729  2729  2224  2692  2672  2570  2542  2521  2248  2248 ]]  #Ray:NotNull:exact *  Oop:Ray:NotNull:exact * !jvms: AO4::ambientOcclusion @ bci:159

  1992 JavaObject NoEscape  [[ 2063F 2060F 2606F 2152F 2054F]]   1992 Allocate  ===  1923  1920  1934  8  1 ( 71  1990  41  1  10  1  416  372  23  23  1  200  310  417  1  1  1  1  1  1  1  1926  1 ) [[ 1993  1994  1995  2002  2003  2004 ]]  rawptr:NotNull ( int:>=0, java/lang/Object:NotNull *, bool, int ) AO4::ambientOcclusion @ bci:172 !jvms: AO4::ambientOcclusion @ bci:172
LocalVar [[ 1992P]]   2004  Proj  ===  1992  [[ 2005  2009  2063 ]] #5 !jvms: AO4::ambientOcclusion @ bci:172
LocalVar [[ 1992P]]   2009  CheckCastPP ===  2006  2004  [[ 4257  4134  4134  4011  4011  3978  3672  2570  3615  3584  2054  2054  2060  2060  2066  2066  3584  3556  3556  2155  2152  2152  2204  3522  3522  2224  3504  3504  3234  2248  2248  3234  3197  3177  2570  3110  2606  3079  3079  3051  3051  3017  3017  2999  2999  2506  2506  2729  2729  2692  2521  2521  2672  2606  2601  2542  2542 ]]  #Intersection:NotNull:exact *  Oop:Intersection:NotNull:exact * !jvms: AO4::ambientOcclusion @ bci:172

  2066 JavaObject NoEscape  [[]]   2066 Allocate  ===  2006  2003  2028  8  1 ( 71  70  41  1  10  1  416  372  23  23  1  200  310  417  1  1  1  1  1  1  1  1926  1  2009  1  2009 ) [[ 2067  2068  2069  2076  2077  2078 ]]  rawptr:NotNull ( int:>=0, java/lang/Object:NotNull *, bool, int ) Intersection::<init> @ bci:16 AO4::ambientOcclusion @ bci:176 !jvms: Intersection::<init> @ bci:16 AO4::ambientOcclusion @ bci:176
LocalVar [[ 2066P]]   2078  Proj  ===  2066  [[ 2079  2083 ]] #5 !jvms: Intersection::<init> @ bci:16 AO4::ambientOcclusion @ bci:176
LocalVar [[ 2066P]]   2083  CheckCastPP ===  2080  2078  [[ 2153 ]]  #Vec:NotNull:exact *  Oop:Vec:NotNull:exact * !jvms: Intersection::<init> @ bci:16 AO4::ambientOcclusion @ bci:176

  2248 JavaObject NoEscape  [[ 2336F 2340F 2338F]]   2248 Allocate  ===  2222  2077  2245  8  1 ( 71  70  41  1  10  1  416  372  23  23  1  200  310  417  1  1  1  1  1  1  1  1926  2009  2229  2009  1926  1  1  1  1  1  1  1  200  2236 ) [[ 2249  2250  2251  2258  2259  2260 ]]  rawptr:NotNull ( int:>=0, java/lang/Object:NotNull *, bool, int ) Vec::sub @ bci:0 Sphere::intersect @ bci:8 AO4::ambientOcclusion @ bci:191 !jvms: Vec::sub @ bci:0 Sphere::intersect @ bci:8 AO4::ambientOcclusion @ bci:191
LocalVar [[ 2248P]]   2260  Proj  ===  2248  [[ 2261  2265 ]] #5 !jvms: Vec::sub @ bci:0 Sphere::intersect @ bci:8 AO4::ambientOcclusion @ bci:191
LocalVar [[ 2248P]]   2265  CheckCastPP ===  2262  2260  [[ 2340  2338  2338  2336  2336  2340 ]]  #Vec:NotNull:exact *  Oop:Vec:NotNull:exact * !jvms: Vec::sub @ bci:0 Sphere::intersect @ bci:8 AO4::ambientOcclusion @ bci:191

  2729 JavaObject NoEscape  [[ 2817F 2821F 2819F]]   2729 Allocate  ===  2717  2614  2726  8  1 ( 71  70  41  1  10  1  416  372  23  23  1  200  310  417  1  1  1  1  1  1  1  1926  2009  2697  2009  1926  1  1  1  1  1  1  1  2724  2704 ) [[ 2730  2731  2732  2739  2740  2741 ]]  rawptr:NotNull ( int:>=0, java/lang/Object:NotNull *, bool, int ) Vec::sub @ bci:0 Sphere::intersect @ bci:8 AO4::ambientOcclusion @ bci:204 !jvms: Vec::sub @ bci:0 Sphere::intersect @ bci:8 AO4::ambientOcclusion @ bci:204
LocalVar [[ 2729P]]   2741  Proj  ===  2729  [[ 2742  2746 ]] #5 !jvms: Vec::sub @ bci:0 Sphere::intersect @ bci:8 AO4::ambientOcclusion @ bci:204
LocalVar [[ 2729P]]   2746  CheckCastPP ===  2743  2741  [[ 2821  2819  2819  2817  2817  2821 ]]  #Vec:NotNull:exact *  Oop:Vec:NotNull:exact * !jvms: Vec::sub @ bci:0 Sphere::intersect @ bci:8 AO4::ambientOcclusion @ bci:204

  3234 JavaObject NoEscape  [[ 3322F 3326F 3324F]]   3234 Allocate  ===  3222  3123  3231  8  1 ( 71  70  41  1  10  1  416  372  23  23  1  200  310  417  1  1  1  1  1  1  1  1926  2009  3202  2009  1926  1  1  1  1  1  1  1  3229  3209 ) [[ 3235  3236  3237  3244  3245  3246 ]]  rawptr:NotNull ( int:>=0, java/lang/Object:NotNull *, bool, int ) Vec::sub @ bci:0 Sphere::intersect @ bci:8 AO4::ambientOcclusion @ bci:217 !jvms: Vec::sub @ bci:0 Sphere::intersect @ bci:8 AO4::ambientOcclusion @ bci:217
LocalVar [[ 3234P]]   3246  Proj  ===  3234  [[ 3247  3251 ]] #5 !jvms: Vec::sub @ bci:0 Sphere::intersect @ bci:8 AO4::ambientOcclusion @ bci:217
LocalVar [[ 3234P]]   3251  CheckCastPP ===  3248  3246  [[ 3326  3324  3324  3322  3322  3326 ]]  #Vec:NotNull:exact *  Oop:Vec:NotNull:exact * !jvms: Vec::sub @ bci:0 Sphere::intersect @ bci:8 AO4::ambientOcclusion @ bci:217

  4011 JavaObject NoEscape  [[ 4080F 4084F 4082F]]   4011 Allocate  ===  3966  3628  4008  8  1 ( 71  70  41  1  10  1  416  372  23  23  1  200  310  417  1  1  1  1  1  1  1  1  2009  1  2009  1  1  1  1  1  3874  3773  3943 ) [[ 4012  4013  4014  4021  4022  4023 ]]  rawptr:NotNull ( int:>=0, java/lang/Object:NotNull *, bool, int ) Vec::scale @ bci:0 Plane::intersect @ bci:105 AO4::ambientOcclusion @ bci:228 !jvms: Vec::scale @ bci:0 Plane::intersect @ bci:105 AO4::ambientOcclusion @ bci:228
LocalVar [[ 4011P]]   4023  Proj  ===  4011  [[ 4024  4028 ]] #5 !jvms: Vec::scale @ bci:0 Plane::intersect @ bci:105 AO4::ambientOcclusion @ bci:228
LocalVar [[ 4011P]]   4028  CheckCastPP ===  4025  4023  [[ 4134  4080  4084  4082  4082  4080  4084 ]]  #Vec:NotNull:exact *  Oop:Vec:NotNull:exact * !jvms: Vec::scale @ bci:0 Plane::intersect @ bci:105 AO4::ambientOcclusion @ bci:228

  4134 JavaObject NoEscape  [[ 4209F 4213F 4211F]]   4134 Allocate  ===  4025  4022  4131  8  1 ( 71  70  41  1  10  1  416  372  23  23  1  200  310  417  1  1  1  1  1  1  1  1  2009  1  2009  1  1  1  1  1  3896  4028 ) [[ 4135  4136  4137  4144  4145  4146 ]]  rawptr:NotNull ( int:>=0, java/lang/Object:NotNull *, bool, int ) Vec::add @ bci:0 Plane::intersect @ bci:108 AO4::ambientOcclusion @ bci:228 !jvms: Vec::add @ bci:0 Plane::intersect @ bci:108 AO4::ambientOcclusion @ bci:228
LocalVar [[ 4134P]]   4146  Proj  ===  4134  [[ 4147  4151 ]] #5 !jvms: Vec::add @ bci:0 Plane::intersect @ bci:108 AO4::ambientOcclusion @ bci:228
LocalVar [[ 4134P]]   4151  CheckCastPP ===  4148  4146  [[ 4255  4213  4211  4211  4209  4209  4213 ]]  #Vec:NotNull:exact *  Oop:Vec:NotNull:exact * !jvms: Vec::add @ bci:0 Plane::intersect @ bci:108 AO4::ambientOcclusion @ bci:228

